2016-08-17 11:10:13 - PHP Notice:  Undefined variable: analytics in C:\Apache\meggy-shop.com\www\catalog\view\theme\default\template\common\header.tpl on line 36
2016-08-17 11:10:13 - PHP Warning:  Invalid argument supplied for foreach() in C:\Apache\meggy-shop.com\www\catalog\view\theme\default\template\common\header.tpl on line 36
2016-08-17 11:10:13 - PHP Notice:  Error: Could not load template C:/Apache/meggy-shop.com/www/catalog/view/theme/default/template/common/baner.tpl! in C:\Apache\meggy-shop.com\www\system\engine\loader.php on line 86
2016-08-17 11:13:01 - PHP Notice:  Undefined variable: analytics in C:\Apache\meggy-shop.com\www\catalog\view\theme\default\template\common\header.tpl on line 36
2016-08-17 11:13:01 - PHP Warning:  Invalid argument supplied for foreach() in C:\Apache\meggy-shop.com\www\catalog\view\theme\default\template\common\header.tpl on line 36
2016-08-17 11:13:01 - PHP Notice:  Undefined variable: header in C:\Apache\meggy-shop.com\www\catalog\view\theme\default\template\common\baner.tpl on line 1
2016-08-17 11:13:01 - PHP Notice:  Undefined variable: breadcrumbs in C:\Apache\meggy-shop.com\www\catalog\view\theme\default\template\common\baner.tpl on line 4
2016-08-17 11:13:01 - PHP Warning:  Invalid argument supplied for foreach() in C:\Apache\meggy-shop.com\www\catalog\view\theme\default\template\common\baner.tpl on line 4
2016-08-17 11:13:01 - PHP Notice:  Undefined variable: column_left in C:\Apache\meggy-shop.com\www\catalog\view\theme\default\template\common\baner.tpl on line 8
2016-08-17 11:13:01 - PHP Notice:  Undefined variable: column_left in C:\Apache\meggy-shop.com\www\catalog\view\theme\default\template\common\baner.tpl on line 9
2016-08-17 11:13:01 - PHP Notice:  Undefined variable: column_left in C:\Apache\meggy-shop.com\www\catalog\view\theme\default\template\common\baner.tpl on line 11
2016-08-17 11:13:01 - PHP Notice:  Undefined variable: column_right in C:\Apache\meggy-shop.com\www\catalog\view\theme\default\template\common\baner.tpl on line 11
2016-08-17 11:13:01 - PHP Notice:  Undefined variable: content_top in C:\Apache\meggy-shop.com\www\catalog\view\theme\default\template\common\baner.tpl on line 16
2016-08-17 11:13:01 - PHP Notice:  Undefined variable: heading_title in C:\Apache\meggy-shop.com\www\catalog\view\theme\default\template\common\baner.tpl on line 17
2016-08-17 11:13:01 - PHP Notice:  Undefined variable: text_message in C:\Apache\meggy-shop.com\www\catalog\view\theme\default\template\common\baner.tpl on line 18
2016-08-17 11:13:01 - PHP Notice:  Undefined variable: continue in C:\Apache\meggy-shop.com\www\catalog\view\theme\default\template\common\baner.tpl on line 20
2016-08-17 11:13:01 - PHP Notice:  Undefined variable: button_continue in C:\Apache\meggy-shop.com\www\catalog\view\theme\default\template\common\baner.tpl on line 20
2016-08-17 11:13:01 - PHP Notice:  Undefined variable: content_bottom in C:\Apache\meggy-shop.com\www\catalog\view\theme\default\template\common\baner.tpl on line 22
2016-08-17 11:13:01 - PHP Notice:  Undefined variable: column_right in C:\Apache\meggy-shop.com\www\catalog\view\theme\default\template\common\baner.tpl on line 23
2016-08-17 11:13:01 - PHP Notice:  Undefined variable: footer in C:\Apache\meggy-shop.com\www\catalog\view\theme\default\template\common\baner.tpl on line 25
2016-08-17 11:13:01 - PHP Notice:  Error: Could not load template C:/Apache/meggy-shop.com/www/catalog/view/theme/default/template/common/baner_1.tpl! in C:\Apache\meggy-shop.com\www\system\engine\loader.php on line 86
2016-08-17 11:14:07 - PHP Notice:  Undefined variable: analytics in C:\Apache\meggy-shop.com\www\catalog\view\theme\default\template\common\header.tpl on line 36
2016-08-17 11:14:07 - PHP Warning:  Invalid argument supplied for foreach() in C:\Apache\meggy-shop.com\www\catalog\view\theme\default\template\common\header.tpl on line 36
2016-08-17 11:14:07 - PHP Notice:  Undefined variable: header in C:\Apache\meggy-shop.com\www\catalog\view\theme\default\template\common\baner.tpl on line 1
2016-08-17 11:14:07 - PHP Notice:  Undefined variable: breadcrumbs in C:\Apache\meggy-shop.com\www\catalog\view\theme\default\template\common\baner.tpl on line 4
2016-08-17 11:14:07 - PHP Warning:  Invalid argument supplied for foreach() in C:\Apache\meggy-shop.com\www\catalog\view\theme\default\template\common\baner.tpl on line 4
2016-08-17 11:14:07 - PHP Notice:  Undefined variable: column_left in C:\Apache\meggy-shop.com\www\catalog\view\theme\default\template\common\baner.tpl on line 8
2016-08-17 11:14:07 - PHP Notice:  Undefined variable: column_left in C:\Apache\meggy-shop.com\www\catalog\view\theme\default\template\common\baner.tpl on line 9
2016-08-17 11:14:07 - PHP Notice:  Undefined variable: column_left in C:\Apache\meggy-shop.com\www\catalog\view\theme\default\template\common\baner.tpl on line 11
2016-08-17 11:14:07 - PHP Notice:  Undefined variable: column_right in C:\Apache\meggy-shop.com\www\catalog\view\theme\default\template\common\baner.tpl on line 11
2016-08-17 11:14:07 - PHP Notice:  Undefined variable: content_top in C:\Apache\meggy-shop.com\www\catalog\view\theme\default\template\common\baner.tpl on line 16
2016-08-17 11:14:07 - PHP Notice:  Undefined variable: heading_title in C:\Apache\meggy-shop.com\www\catalog\view\theme\default\template\common\baner.tpl on line 17
2016-08-17 11:14:07 - PHP Notice:  Undefined variable: text_message in C:\Apache\meggy-shop.com\www\catalog\view\theme\default\template\common\baner.tpl on line 18
2016-08-17 11:14:07 - PHP Notice:  Undefined variable: continue in C:\Apache\meggy-shop.com\www\catalog\view\theme\default\template\common\baner.tpl on line 20
2016-08-17 11:14:07 - PHP Notice:  Undefined variable: button_continue in C:\Apache\meggy-shop.com\www\catalog\view\theme\default\template\common\baner.tpl on line 20
2016-08-17 11:14:07 - PHP Notice:  Undefined variable: content_bottom in C:\Apache\meggy-shop.com\www\catalog\view\theme\default\template\common\baner.tpl on line 22
2016-08-17 11:14:07 - PHP Notice:  Undefined variable: column_right in C:\Apache\meggy-shop.com\www\catalog\view\theme\default\template\common\baner.tpl on line 23
2016-08-17 11:14:07 - PHP Notice:  Undefined variable: footer in C:\Apache\meggy-shop.com\www\catalog\view\theme\default\template\common\baner.tpl on line 25
2016-08-17 11:14:07 - PHP Notice:  Error: Could not load template C:/Apache/meggy-shop.com/www/catalog/view/theme/default/template/common/baner_1.tpl! in C:\Apache\meggy-shop.com\www\system\engine\loader.php on line 86
2016-08-17 11:14:09 - PHP Notice:  Undefined variable: analytics in C:\Apache\meggy-shop.com\www\catalog\view\theme\default\template\common\header.tpl on line 36
2016-08-17 11:14:09 - PHP Warning:  Invalid argument supplied for foreach() in C:\Apache\meggy-shop.com\www\catalog\view\theme\default\template\common\header.tpl on line 36
2016-08-17 11:14:09 - PHP Notice:  Undefined variable: header in C:\Apache\meggy-shop.com\www\catalog\view\theme\default\template\common\baner.tpl on line 1
2016-08-17 11:14:09 - PHP Notice:  Undefined variable: breadcrumbs in C:\Apache\meggy-shop.com\www\catalog\view\theme\default\template\common\baner.tpl on line 4
2016-08-17 11:14:09 - PHP Warning:  Invalid argument supplied for foreach() in C:\Apache\meggy-shop.com\www\catalog\view\theme\default\template\common\baner.tpl on line 4
2016-08-17 11:14:09 - PHP Notice:  Undefined variable: column_left in C:\Apache\meggy-shop.com\www\catalog\view\theme\default\template\common\baner.tpl on line 8
2016-08-17 11:14:09 - PHP Notice:  Undefined variable: column_left in C:\Apache\meggy-shop.com\www\catalog\view\theme\default\template\common\baner.tpl on line 9
2016-08-17 11:14:09 - PHP Notice:  Undefined variable: column_left in C:\Apache\meggy-shop.com\www\catalog\view\theme\default\template\common\baner.tpl on line 11
2016-08-17 11:14:09 - PHP Notice:  Undefined variable: column_right in C:\Apache\meggy-shop.com\www\catalog\view\theme\default\template\common\baner.tpl on line 11
2016-08-17 11:14:09 - PHP Notice:  Undefined variable: content_top in C:\Apache\meggy-shop.com\www\catalog\view\theme\default\template\common\baner.tpl on line 16
2016-08-17 11:14:09 - PHP Notice:  Undefined variable: heading_title in C:\Apache\meggy-shop.com\www\catalog\view\theme\default\template\common\baner.tpl on line 17
2016-08-17 11:14:09 - PHP Notice:  Undefined variable: text_message in C:\Apache\meggy-shop.com\www\catalog\view\theme\default\template\common\baner.tpl on line 18
2016-08-17 11:14:09 - PHP Notice:  Undefined variable: continue in C:\Apache\meggy-shop.com\www\catalog\view\theme\default\template\common\baner.tpl on line 20
2016-08-17 11:14:09 - PHP Notice:  Undefined variable: button_continue in C:\Apache\meggy-shop.com\www\catalog\view\theme\default\template\common\baner.tpl on line 20
2016-08-17 11:14:09 - PHP Notice:  Undefined variable: content_bottom in C:\Apache\meggy-shop.com\www\catalog\view\theme\default\template\common\baner.tpl on line 22
2016-08-17 11:14:09 - PHP Notice:  Undefined variable: column_right in C:\Apache\meggy-shop.com\www\catalog\view\theme\default\template\common\baner.tpl on line 23
2016-08-17 11:14:09 - PHP Notice:  Undefined variable: footer in C:\Apache\meggy-shop.com\www\catalog\view\theme\default\template\common\baner.tpl on line 25
2016-08-17 11:14:09 - PHP Notice:  Error: Could not load template C:/Apache/meggy-shop.com/www/catalog/view/theme/default/template/common/baner_1.tpl! in C:\Apache\meggy-shop.com\www\system\engine\loader.php on line 86
2016-08-19 12:06:05 - PHP Notice:  Undefined variable: currency in C:\Apache\meggy-shop.com\www\catalog\view\theme\meggy\template\common\currency.tpl on line 6
